[2.093s] Invoking command in '/home/olorunnisola/Desktop/Camera/my_camera_package': PYTHONPATH=/home/olorunnisola/Desktop/Camera/build/my_camera_package/prefix_override:/home/olorunnisola/Desktop/Camera/install/my_camera_package/lib/python3.10/site-packages:${PYTHONPATH} /usr/bin/python3 -W ignore:setup.py install is deprecated setup.py egg_info --egg-base ../build/my_camera_package build --build-base /home/olorunnisola/Desktop/Camera/build/my_camera_package/build install --record /home/olorunnisola/Desktop/Camera/build/my_camera_package/install.log --single-version-externally-managed install_data
[2.871s] running egg_info
[2.872s] creating ../build/my_camera_package/my_camera_package.egg-info
[2.872s] writing ../build/my_camera_package/my_camera_package.egg-info/PKG-INFO
[2.873s] writing dependency_links to ../build/my_camera_package/my_camera_package.egg-info/dependency_links.txt
[2.873s] writing entry points to ../build/my_camera_package/my_camera_package.egg-info/entry_points.txt
[2.874s] writing requirements to ../build/my_camera_package/my_camera_package.egg-info/requires.txt
[2.874s] writing top-level names to ../build/my_camera_package/my_camera_package.egg-info/top_level.txt
[2.875s] writing manifest file '../build/my_camera_package/my_camera_package.egg-info/SOURCES.txt'
[2.878s] reading manifest file '../build/my_camera_package/my_camera_package.egg-info/SOURCES.txt'
[2.880s] writing manifest file '../build/my_camera_package/my_camera_package.egg-info/SOURCES.txt'
[2.881s] running build
[2.881s] running build_py
[2.881s] creating /home/olorunnisola/Desktop/Camera/build/my_camera_package/build
[2.882s] creating /home/olorunnisola/Desktop/Camera/build/my_camera_package/build/lib
[2.882s] creating /home/olorunnisola/Desktop/Camera/build/my_camera_package/build/lib/my_camera_package
[2.883s] copying my_camera_package/__init__.py -> /home/olorunnisola/Desktop/Camera/build/my_camera_package/build/lib/my_camera_package
[2.883s] copying my_camera_package/camera_node.py -> /home/olorunnisola/Desktop/Camera/build/my_camera_package/build/lib/my_camera_package
[2.883s] running install
[2.884s] running install_lib
[2.886s] creating /home/olorunnisola/Desktop/Camera/install/my_camera_package/lib/python3.10/site-packages/my_camera_package
[2.887s] copying /home/olorunnisola/Desktop/Camera/build/my_camera_package/build/lib/my_camera_package/__init__.py -> /home/olorunnisola/Desktop/Camera/install/my_camera_package/lib/python3.10/site-packages/my_camera_package
[2.887s] copying /home/olorunnisola/Desktop/Camera/build/my_camera_package/build/lib/my_camera_package/camera_node.py -> /home/olorunnisola/Desktop/Camera/install/my_camera_package/lib/python3.10/site-packages/my_camera_package
[2.888s] byte-compiling /home/olorunnisola/Desktop/Camera/install/my_camera_package/lib/python3.10/site-packages/my_camera_package/__init__.py to __init__.cpython-310.pyc
[2.888s] byte-compiling /home/olorunnisola/Desktop/Camera/install/my_camera_package/lib/python3.10/site-packages/my_camera_package/camera_node.py to camera_node.cpython-310.pyc
[2.889s] running install_data
[2.890s] creating /home/olorunnisola/Desktop/Camera/install/my_camera_package/share/ament_index
[2.890s] creating /home/olorunnisola/Desktop/Camera/install/my_camera_package/share/ament_index/resource_index
[2.891s] creating /home/olorunnisola/Desktop/Camera/install/my_camera_package/share/ament_index/resource_index/packages
[2.891s] copying resource/my_camera_package -> /home/olorunnisola/Desktop/Camera/install/my_camera_package/share/ament_index/resource_index/packages
[2.891s] copying package.xml -> /home/olorunnisola/Desktop/Camera/install/my_camera_package/share/my_camera_package
[2.891s] running install_egg_info
[2.895s] Copying ../build/my_camera_package/my_camera_package.egg-info to /home/olorunnisola/Desktop/Camera/install/my_camera_package/lib/python3.10/site-packages/my_camera_package-0.0.0-py3.10.egg-info
[2.897s] running install_scripts
[2.955s] Installing camera_node script to /home/olorunnisola/Desktop/Camera/install/my_camera_package/lib/my_camera_package
[2.956s] writing list of installed files to '/home/olorunnisola/Desktop/Camera/build/my_camera_package/install.log'
[3.019s] Invoked command in '/home/olorunnisola/Desktop/Camera/my_camera_package' returned '0': PYTHONPATH=/home/olorunnisola/Desktop/Camera/build/my_camera_package/prefix_override:/home/olorunnisola/Desktop/Camera/install/my_camera_package/lib/python3.10/site-packages:${PYTHONPATH} /usr/bin/python3 -W ignore:setup.py install is deprecated setup.py egg_info --egg-base ../build/my_camera_package build --build-base /home/olorunnisola/Desktop/Camera/build/my_camera_package/build install --record /home/olorunnisola/Desktop/Camera/build/my_camera_package/install.log --single-version-externally-managed install_data
