[2.635s] Invoking command in '/home/olorunnisola/Desktop/Camera/my_camera_package': PYTHONPATH=/home/olorunnisola/Desktop/Camera/build/my_camera_package/prefix_override:/home/olorunnisola/Desktop/Camera/install/my_camera_package/lib/python3.10/site-packages:${PYTHONPATH} /usr/bin/python3 -W ignore:setup.py install is deprecated setup.py egg_info --egg-base ../build/my_camera_package build --build-base /home/olorunnisola/Desktop/Camera/build/my_camera_package/build install --record /home/olorunnisola/Desktop/Camera/build/my_camera_package/install.log --single-version-externally-managed install_data
[3.272s] running egg_info
[3.274s] writing ../build/my_camera_package/my_camera_package.egg-info/PKG-INFO
[3.274s] writing dependency_links to ../build/my_camera_package/my_camera_package.egg-info/dependency_links.txt
[3.275s] writing entry points to ../build/my_camera_package/my_camera_package.egg-info/entry_points.txt
[3.275s] writing requirements to ../build/my_camera_package/my_camera_package.egg-info/requires.txt
[3.276s] writing top-level names to ../build/my_camera_package/my_camera_package.egg-info/top_level.txt
[3.281s] reading manifest file '../build/my_camera_package/my_camera_package.egg-info/SOURCES.txt'
[3.284s] writing manifest file '../build/my_camera_package/my_camera_package.egg-info/SOURCES.txt'
[3.284s] running build
[3.284s] running build_py
[3.285s] copying my_camera_package/camera_node.py -> /home/olorunnisola/Desktop/Camera/build/my_camera_package/build/lib/my_camera_package
[3.286s] running install
[3.287s] running install_lib
[3.289s] copying /home/olorunnisola/Desktop/Camera/build/my_camera_package/build/lib/my_camera_package/camera_node.py -> /home/olorunnisola/Desktop/Camera/install/my_camera_package/lib/python3.10/site-packages/my_camera_package
[3.290s] byte-compiling /home/olorunnisola/Desktop/Camera/install/my_camera_package/lib/python3.10/site-packages/my_camera_package/camera_node.py to camera_node.cpython-310.pyc
[3.292s] running install_data
[3.292s] running install_egg_info
[3.297s] removing '/home/olorunnisola/Desktop/Camera/install/my_camera_package/lib/python3.10/site-packages/my_camera_package-0.0.0-py3.10.egg-info' (and everything under it)
[3.297s] Copying ../build/my_camera_package/my_camera_package.egg-info to /home/olorunnisola/Desktop/Camera/install/my_camera_package/lib/python3.10/site-packages/my_camera_package-0.0.0-py3.10.egg-info
[3.300s] running install_scripts
[3.356s] Installing camera_node script to /home/olorunnisola/Desktop/Camera/install/my_camera_package/lib/my_camera_package
[3.356s] Installing camera_subscriber script to /home/olorunnisola/Desktop/Camera/install/my_camera_package/lib/my_camera_package
[3.357s] writing list of installed files to '/home/olorunnisola/Desktop/Camera/build/my_camera_package/install.log'
[3.424s] Invoked command in '/home/olorunnisola/Desktop/Camera/my_camera_package' returned '0': PYTHONPATH=/home/olorunnisola/Desktop/Camera/build/my_camera_package/prefix_override:/home/olorunnisola/Desktop/Camera/install/my_camera_package/lib/python3.10/site-packages:${PYTHONPATH} /usr/bin/python3 -W ignore:setup.py install is deprecated setup.py egg_info --egg-base ../build/my_camera_package build --build-base /home/olorunnisola/Desktop/Camera/build/my_camera_package/build install --record /home/olorunnisola/Desktop/Camera/build/my_camera_package/install.log --single-version-externally-managed install_data
