[0.345s] DEBUG:colcon:Command line arguments: ['/usr/bin/colcon', 'build']
[0.345s] DEBUG:colcon:Parsed command line arguments: Namespace(log_base=None, log_level=None, verb_name='build', build_base='build', install_base='install', merge_install=False, symlink_install=False, test_result_base=None, continue_on_error=False, executor='parallel', parallel_workers=8, event_handlers=None, ignore_user_meta=False, metas=['./colcon.meta'], base_paths=['.'], packages_ignore=None, packages_ignore_regex=None, paths=None, packages_up_to=None, packages_up_to_regex=None, packages_above=None, packages_above_and_dependencies=None, packages_above_depth=None, packages_select_by_dep=None, packages_skip_by_dep=None, packages_skip_up_to=None, packages_select_build_failed=False, packages_skip_build_finished=False, packages_select_test_failures=False, packages_skip_test_passed=False, packages_select=None, packages_skip=None, packages_select_regex=None, packages_skip_regex=None, packages_start=None, packages_end=None, allow_overriding=[], cmake_args=None, cmake_target=None, cmake_target_skip_unavailable=False, cmake_clean_cache=False, cmake_clean_first=False, cmake_force_configure=False, ament_cmake_args=None, catkin_cmake_args=None, catkin_skip_building_tests=False, mixin_files=None, mixin=None, verb_parser=<colcon_mixin.mixin.mixin_argument.MixinArgumentDecorator object at 0x7f5b04326da0>, verb_extension=<colcon_core.verb.build.BuildVerb object at 0x7f5b044e4850>, main=<bound method BuildVerb.main of <colcon_core.verb.build.BuildVerb object at 0x7f5b044e4850>>, mixin_verb=('build',))
[0.910s] Level 1:colcon.colcon_core.package_discovery:discover_packages(colcon_meta) check parameters
[0.910s] Level 1:colcon.colcon_core.package_discovery:discover_packages(recursive) check parameters
[0.910s] Level 1:colcon.colcon_core.package_discovery:discover_packages(ignore) check parameters
[0.910s] Level 1:colcon.colcon_core.package_discovery:discover_packages(path) check parameters
[0.910s] Level 1:colcon.colcon_core.package_discovery:discover_packages(colcon_meta) discover
[0.911s] Level 1:colcon.colcon_core.package_discovery:discover_packages(recursive) discover
[0.911s] INFO:colcon.colcon_core.package_discovery:Crawling recursively for packages in '/home/olorunnisola/Desktop/Camera'
[0.911s] Level 1:colcon.colcon_core.package_identification:_identify(.) by extensions ['ignore', 'ignore_ament_install']
[0.911s] Level 1:colcon.colcon_core.package_identification:_identify(.) by extension 'ignore'
[0.911s] Level 1:colcon.colcon_core.package_identification:_identify(.) by extension 'ignore_ament_install'
[0.912s] Level 1:colcon.colcon_core.package_identification:_identify(.) by extensions ['colcon_pkg']
[0.912s] Level 1:colcon.colcon_core.package_identification:_identify(.) by extension 'colcon_pkg'
[0.912s] Level 1:colcon.colcon_core.package_identification:_identify(.) by extensions ['colcon_meta']
[0.912s] Level 1:colcon.colcon_core.package_identification:_identify(.) by extension 'colcon_meta'
[0.912s] Level 1:colcon.colcon_core.package_identification:_identify(.) by extensions ['ros']
[0.912s] Level 1:colcon.colcon_core.package_identification:_identify(.) by extension 'ros'
[0.948s] Level 1:colcon.colcon_core.package_identification:_identify(.) by extensions ['cmake', 'python']
[0.948s] Level 1:colcon.colcon_core.package_identification:_identify(.) by extension 'cmake'
[0.948s] Level 1:colcon.colcon_core.package_identification:_identify(.) by extension 'python'
[0.948s] Level 1:colcon.colcon_core.package_identification:_identify(.) by extensions ['python_setup_py']
[0.949s] Level 1:colcon.colcon_core.package_identification:_identify(.) by extension 'python_setup_py'
[0.949s] Level 1:colcon.colcon_core.package_identification:_identify(build) by extensions ['ignore', 'ignore_ament_install']
[0.949s] Level 1:colcon.colcon_core.package_identification:_identify(build) by extension 'ignore'
[0.949s] Level 1:colcon.colcon_core.package_identification:_identify(build) ignored
[0.950s] Level 1:colcon.colcon_core.package_identification:_identify(install) by extensions ['ignore', 'ignore_ament_install']
[0.950s] Level 1:colcon.colcon_core.package_identification:_identify(install) by extension 'ignore'
[0.950s] Level 1:colcon.colcon_core.package_identification:_identify(install) ignored
[0.951s] Level 1:colcon.colcon_core.package_identification:_identify(log) by extensions ['ignore', 'ignore_ament_install']
[0.951s] Level 1:colcon.colcon_core.package_identification:_identify(log) by extension 'ignore'
[0.951s] Level 1:colcon.colcon_core.package_identification:_identify(log) ignored
[0.951s] Level 1:colcon.colcon_core.package_identification:_identify(my_camera_package) by extensions ['ignore', 'ignore_ament_install']
[0.952s] Level 1:colcon.colcon_core.package_identification:_identify(my_camera_package) by extension 'ignore'
[0.952s] Level 1:colcon.colcon_core.package_identification:_identify(my_camera_package) by extension 'ignore_ament_install'
[0.952s] Level 1:colcon.colcon_core.package_identification:_identify(my_camera_package) by extensions ['colcon_pkg']
[0.952s] Level 1:colcon.colcon_core.package_identification:_identify(my_camera_package) by extension 'colcon_pkg'
[0.952s] Level 1:colcon.colcon_core.package_identification:_identify(my_camera_package) by extensions ['colcon_meta']
[0.952s] Level 1:colcon.colcon_core.package_identification:_identify(my_camera_package) by extension 'colcon_meta'
[0.953s] Level 1:colcon.colcon_core.package_identification:_identify(my_camera_package) by extensions ['ros']
[0.953s] Level 1:colcon.colcon_core.package_identification:_identify(my_camera_package) by extension 'ros'
[0.958s] DEBUG:colcon.colcon_core.package_identification:Package 'my_camera_package' with type 'ros.ament_python' and name 'my_camera_package'
[0.958s] Level 1:colcon.colcon_core.package_discovery:discover_packages(recursive) using defaults
[0.958s] Level 1:colcon.colcon_core.package_discovery:discover_packages(ignore) discover
[0.958s] Level 1:colcon.colcon_core.package_discovery:discover_packages(ignore) using defaults
[0.958s] Level 1:colcon.colcon_core.package_discovery:discover_packages(path) discover
[0.958s] Level 1:colcon.colcon_core.package_discovery:discover_packages(path) using defaults
[1.035s] Level 1:colcon.colcon_core.package_discovery:discover_packages(prefix_path) check parameters
[1.035s] Level 1:colcon.colcon_core.package_discovery:discover_packages(prefix_path) discover
[1.052s] DEBUG:colcon.colcon_installed_package_information.package_discovery:Found 69 installed packages in /home/olorunnisola/ws_moveit/install
[1.059s] DEBUG:colcon.colcon_installed_package_information.package_discovery:Found 357 installed packages in /opt/ros/humble
[1.065s] Level 1:colcon.colcon_core.package_discovery:discover_packages(prefix_path) using defaults
[1.212s] Level 5:colcon.colcon_core.verb:set package 'my_camera_package' build argument 'cmake_args' from command line to 'None'
[1.212s] Level 5:colcon.colcon_core.verb:set package 'my_camera_package' build argument 'cmake_target' from command line to 'None'
[1.212s] Level 5:colcon.colcon_core.verb:set package 'my_camera_package' build argument 'cmake_target_skip_unavailable' from command line to 'False'
[1.212s] Level 5:colcon.colcon_core.verb:set package 'my_camera_package' build argument 'cmake_clean_cache' from command line to 'False'
[1.212s] Level 5:colcon.colcon_core.verb:set package 'my_camera_package' build argument 'cmake_clean_first' from command line to 'False'
[1.212s] Level 5:colcon.colcon_core.verb:set package 'my_camera_package' build argument 'cmake_force_configure' from command line to 'False'
[1.213s] Level 5:colcon.colcon_core.verb:set package 'my_camera_package' build argument 'ament_cmake_args' from command line to 'None'
[1.213s] Level 5:colcon.colcon_core.verb:set package 'my_camera_package' build argument 'catkin_cmake_args' from command line to 'None'
[1.213s] Level 5:colcon.colcon_core.verb:set package 'my_camera_package' build argument 'catkin_skip_building_tests' from command line to 'False'
[1.213s] DEBUG:colcon.colcon_core.verb:Building package 'my_camera_package' with the following arguments: {'ament_cmake_args': None, 'build_base': '/home/olorunnisola/Desktop/Camera/build/my_camera_package', 'catkin_cmake_args': None, 'catkin_skip_building_tests': False, 'cmake_args': None, 'cmake_clean_cache': False, 'cmake_clean_first': False, 'cmake_force_configure': False, 'cmake_target': None, 'cmake_target_skip_unavailable': False, 'install_base': '/home/olorunnisola/Desktop/Camera/install/my_camera_package', 'merge_install': False, 'path': '/home/olorunnisola/Desktop/Camera/my_camera_package', 'symlink_install': False, 'test_result_base': None}
[1.213s] INFO:colcon.colcon_core.executor:Executing jobs using 'parallel' executor
[1.215s] DEBUG:colcon.colcon_parallel_executor.executor.parallel:run_until_complete
[1.215s] INFO:colcon.colcon_ros.task.ament_python.build:Building ROS package in '/home/olorunnisola/Desktop/Camera/my_camera_package' with build type 'ament_python'
[1.216s] Level 1:colcon.colcon_core.shell:create_environment_hook('my_camera_package', 'ament_prefix_path')
[1.222s] INFO:colcon.colcon_core.plugin_system:Skipping extension 'colcon_core.shell.bat': Not used on non-Windows systems
[1.223s] INFO:colcon.colcon_core.shell:Creating environment hook '/home/olorunnisola/Desktop/Camera/install/my_camera_package/share/my_camera_package/hook/ament_prefix_path.ps1'
[1.225s] INFO:colcon.colcon_core.shell:Creating environment descriptor '/home/olorunnisola/Desktop/Camera/install/my_camera_package/share/my_camera_package/hook/ament_prefix_path.dsv'
[1.226s] INFO:colcon.colcon_core.shell:Creating environment hook '/home/olorunnisola/Desktop/Camera/install/my_camera_package/share/my_camera_package/hook/ament_prefix_path.sh'
[1.228s] INFO:colcon.colcon_core.shell:Skip shell extension 'powershell' for command environment: Not usable outside of PowerShell
[1.229s] DEBUG:colcon.colcon_core.shell:Skip shell extension 'dsv' for command environment
[2.156s] INFO:colcon.colcon_core.task.python.build:Building Python package in '/home/olorunnisola/Desktop/Camera/my_camera_package'
[2.157s] INFO:colcon.colcon_core.shell:Skip shell extension 'powershell' for command environment: Not usable outside of PowerShell
[2.158s] DEBUG:colcon.colcon_core.shell:Skip shell extension 'dsv' for command environment
[3.310s] DEBUG:colcon.colcon_core.event_handler.log_command:Invoking command in '/home/olorunnisola/Desktop/Camera/my_camera_package': PYTHONPATH=/home/olorunnisola/Desktop/Camera/build/my_camera_package/prefix_override:/home/olorunnisola/Desktop/Camera/install/my_camera_package/lib/python3.10/site-packages:${PYTHONPATH} /usr/bin/python3 -W ignore:setup.py install is deprecated setup.py egg_info --egg-base ../build/my_camera_package build --build-base /home/olorunnisola/Desktop/Camera/build/my_camera_package/build install --record /home/olorunnisola/Desktop/Camera/build/my_camera_package/install.log --single-version-externally-managed install_data
[4.237s] DEBUG:colcon.colcon_core.event_handler.log_command:Invoked command in '/home/olorunnisola/Desktop/Camera/my_camera_package' returned '0': PYTHONPATH=/home/olorunnisola/Desktop/Camera/build/my_camera_package/prefix_override:/home/olorunnisola/Desktop/Camera/install/my_camera_package/lib/python3.10/site-packages:${PYTHONPATH} /usr/bin/python3 -W ignore:setup.py install is deprecated setup.py egg_info --egg-base ../build/my_camera_package build --build-base /home/olorunnisola/Desktop/Camera/build/my_camera_package/build install --record /home/olorunnisola/Desktop/Camera/build/my_camera_package/install.log --single-version-externally-managed install_data
[4.245s] Level 1:colcon.colcon_core.environment:checking '/home/olorunnisola/Desktop/Camera/install/my_camera_package' for CMake module files
[4.247s] Level 1:colcon.colcon_core.environment:checking '/home/olorunnisola/Desktop/Camera/install/my_camera_package' for CMake config files
[4.250s] Level 1:colcon.colcon_core.environment:checking '/home/olorunnisola/Desktop/Camera/install/my_camera_package/lib'
[4.251s] Level 1:colcon.colcon_core.environment:checking '/home/olorunnisola/Desktop/Camera/install/my_camera_package/bin'
[4.251s] Level 1:colcon.colcon_core.environment:checking '/home/olorunnisola/Desktop/Camera/install/my_camera_package/lib/pkgconfig/my_camera_package.pc'
[4.252s] Level 1:colcon.colcon_core.environment:checking '/home/olorunnisola/Desktop/Camera/install/my_camera_package/lib/python3.10/site-packages'
[4.252s] Level 1:colcon.colcon_core.shell:create_environment_hook('my_camera_package', 'pythonpath')
[4.253s] INFO:colcon.colcon_core.shell:Creating environment hook '/home/olorunnisola/Desktop/Camera/install/my_camera_package/share/my_camera_package/hook/pythonpath.ps1'
[4.254s] INFO:colcon.colcon_core.shell:Creating environment descriptor '/home/olorunnisola/Desktop/Camera/install/my_camera_package/share/my_camera_package/hook/pythonpath.dsv'
[4.255s] INFO:colcon.colcon_core.shell:Creating environment hook '/home/olorunnisola/Desktop/Camera/install/my_camera_package/share/my_camera_package/hook/pythonpath.sh'
[4.257s] Level 1:colcon.colcon_core.environment:checking '/home/olorunnisola/Desktop/Camera/install/my_camera_package/bin'
[4.257s] Level 1:colcon.colcon_core.environment:create_environment_scripts_only(my_camera_package)
[4.259s] INFO:colcon.colcon_core.shell:Creating package script '/home/olorunnisola/Desktop/Camera/install/my_camera_package/share/my_camera_package/package.ps1'
[4.263s] INFO:colcon.colcon_core.shell:Creating package descriptor '/home/olorunnisola/Desktop/Camera/install/my_camera_package/share/my_camera_package/package.dsv'
[4.265s] INFO:colcon.colcon_core.shell:Creating package script '/home/olorunnisola/Desktop/Camera/install/my_camera_package/share/my_camera_package/package.sh'
[4.266s] INFO:colcon.colcon_core.shell:Creating package script '/home/olorunnisola/Desktop/Camera/install/my_camera_package/share/my_camera_package/package.bash'
[4.269s] INFO:colcon.colcon_core.shell:Creating package script '/home/olorunnisola/Desktop/Camera/install/my_camera_package/share/my_camera_package/package.zsh'
[4.270s] Level 1:colcon.colcon_core.environment:create_file_with_runtime_dependencies(/home/olorunnisola/Desktop/Camera/install/my_camera_package/share/colcon-core/packages/my_camera_package)
[4.271s] DEBUG:colcon.colcon_parallel_executor.executor.parallel:closing loop
[4.272s] DEBUG:colcon.colcon_parallel_executor.executor.parallel:loop closed
[4.272s] DEBUG:colcon.colcon_parallel_executor.executor.parallel:run_until_complete finished with '0'
[4.272s] DEBUG:colcon.colcon_core.event_reactor:joining thread
[4.293s] INFO:colcon.colcon_core.plugin_system:Skipping extension 'colcon_notification.desktop_notification.terminal_notifier': Not used on non-Darwin systems
[4.294s] INFO:colcon.colcon_core.plugin_system:Skipping extension 'colcon_notification.desktop_notification.win32': Not used on non-Windows systems
[4.294s] INFO:colcon.colcon_notification.desktop_notification:Sending desktop notification using 'notify2'
[4.335s] DEBUG:colcon.colcon_core.event_reactor:joined thread
[4.336s] INFO:colcon.colcon_core.shell:Creating prefix script '/home/olorunnisola/Desktop/Camera/install/local_setup.ps1'
[4.339s] INFO:colcon.colcon_core.shell:Creating prefix util module '/home/olorunnisola/Desktop/Camera/install/_local_setup_util_ps1.py'
[4.344s] INFO:colcon.colcon_core.shell:Creating prefix chain script '/home/olorunnisola/Desktop/Camera/install/setup.ps1'
[4.357s] INFO:colcon.colcon_core.shell:Creating prefix script '/home/olorunnisola/Desktop/Camera/install/local_setup.sh'
[4.359s] INFO:colcon.colcon_core.shell:Creating prefix util module '/home/olorunnisola/Desktop/Camera/install/_local_setup_util_sh.py'
[4.360s] INFO:colcon.colcon_core.shell:Creating prefix chain script '/home/olorunnisola/Desktop/Camera/install/setup.sh'
[4.374s] INFO:colcon.colcon_core.shell:Creating prefix script '/home/olorunnisola/Desktop/Camera/install/local_setup.bash'
[4.375s] INFO:colcon.colcon_core.shell:Creating prefix chain script '/home/olorunnisola/Desktop/Camera/install/setup.bash'
[4.385s] INFO:colcon.colcon_core.shell:Creating prefix script '/home/olorunnisola/Desktop/Camera/install/local_setup.zsh'
[4.386s] INFO:colcon.colcon_core.shell:Creating prefix chain script '/home/olorunnisola/Desktop/Camera/install/setup.zsh'
