[1.603s] Invoking command in '/home/olorunnisola/Desktop/Camera/my_camera_package': PYTHONPATH=/home/olorunnisola/Desktop/Camera/build/my_camera_package/prefix_override:/home/olorunnisola/Desktop/Camera/install/my_camera_package/lib/python3.10/site-packages:${PYTHONPATH} /usr/bin/python3 -W ignore:setup.py install is deprecated setup.py egg_info --egg-base ../build/my_camera_package build --build-base /home/olorunnisola/Desktop/Camera/build/my_camera_package/build install --record /home/olorunnisola/Desktop/Camera/build/my_camera_package/install.log --single-version-externally-managed install_data
[2.224s] running egg_info
[2.225s] writing ../build/my_camera_package/my_camera_package.egg-info/PKG-INFO
[2.226s] writing dependency_links to ../build/my_camera_package/my_camera_package.egg-info/dependency_links.txt
[2.226s] writing entry points to ../build/my_camera_package/my_camera_package.egg-info/entry_points.txt
[2.227s] writing requirements to ../build/my_camera_package/my_camera_package.egg-info/requires.txt
[2.227s] writing top-level names to ../build/my_camera_package/my_camera_package.egg-info/top_level.txt
[2.232s] reading manifest file '../build/my_camera_package/my_camera_package.egg-info/SOURCES.txt'
[2.235s] writing manifest file '../build/my_camera_package/my_camera_package.egg-info/SOURCES.txt'
[2.235s] running build
[2.235s] running build_py
[2.236s] copying my_camera_package/camera_subscriber.py -> /home/olorunnisola/Desktop/Camera/build/my_camera_package/build/lib/my_camera_package
[2.237s] running install
[2.238s] running install_lib
[2.240s] copying /home/olorunnisola/Desktop/Camera/build/my_camera_package/build/lib/my_camera_package/camera_subscriber.py -> /home/olorunnisola/Desktop/Camera/install/my_camera_package/lib/python3.10/site-packages/my_camera_package
[2.241s] byte-compiling /home/olorunnisola/Desktop/Camera/install/my_camera_package/lib/python3.10/site-packages/my_camera_package/camera_subscriber.py to camera_subscriber.cpython-310.pyc
[2.242s] running install_data
[2.243s] running install_egg_info
[2.248s] removing '/home/olorunnisola/Desktop/Camera/install/my_camera_package/lib/python3.10/site-packages/my_camera_package-0.0.0-py3.10.egg-info' (and everything under it)
[2.248s] Copying ../build/my_camera_package/my_camera_package.egg-info to /home/olorunnisola/Desktop/Camera/install/my_camera_package/lib/python3.10/site-packages/my_camera_package-0.0.0-py3.10.egg-info
[2.251s] running install_scripts
[2.295s] Installing camera_node script to /home/olorunnisola/Desktop/Camera/install/my_camera_package/lib/my_camera_package
[2.295s] Installing camera_subscriber script to /home/olorunnisola/Desktop/Camera/install/my_camera_package/lib/my_camera_package
[2.296s] writing list of installed files to '/home/olorunnisola/Desktop/Camera/build/my_camera_package/install.log'
[2.358s] Invoked command in '/home/olorunnisola/Desktop/Camera/my_camera_package' returned '0': PYTHONPATH=/home/olorunnisola/Desktop/Camera/build/my_camera_package/prefix_override:/home/olorunnisola/Desktop/Camera/install/my_camera_package/lib/python3.10/site-packages:${PYTHONPATH} /usr/bin/python3 -W ignore:setup.py install is deprecated setup.py egg_info --egg-base ../build/my_camera_package build --build-base /home/olorunnisola/Desktop/Camera/build/my_camera_package/build install --record /home/olorunnisola/Desktop/Camera/build/my_camera_package/install.log --single-version-externally-managed install_data
