[0.277s] DEBUG:colcon:Command line arguments: ['/usr/bin/colcon', 'build']
[0.277s] DEBUG:colcon:Parsed command line arguments: Namespace(log_base=None, log_level=None, verb_name='build', build_base='build', install_base='install', merge_install=False, symlink_install=False, test_result_base=None, continue_on_error=False, executor='parallel', parallel_workers=8, event_handlers=None, ignore_user_meta=False, metas=['./colcon.meta'], base_paths=['.'], packages_ignore=None, packages_ignore_regex=None, paths=None, packages_up_to=None, packages_up_to_regex=None, packages_above=None, packages_above_and_dependencies=None, packages_above_depth=None, packages_select_by_dep=None, packages_skip_by_dep=None, packages_skip_up_to=None, packages_select_build_failed=False, packages_skip_build_finished=False, packages_select_test_failures=False, packages_skip_test_passed=False, packages_select=None, packages_skip=None, packages_select_regex=None, packages_skip_regex=None, packages_start=None, packages_end=None, allow_overriding=[], cmake_args=None, cmake_target=None, cmake_target_skip_unavailable=False, cmake_clean_cache=False, cmake_clean_first=False, cmake_force_configure=False, ament_cmake_args=None, catkin_cmake_args=None, catkin_skip_building_tests=False, mixin_files=None, mixin=None, verb_parser=<colcon_mixin.mixin.mixin_argument.MixinArgumentDecorator object at 0x76d61a0c7070>, verb_extension=<colcon_core.verb.build.BuildVerb object at 0x76d61a2d8820>, main=<bound method BuildVerb.main of <colcon_core.verb.build.BuildVerb object at 0x76d61a2d8820>>, mixin_verb=('build',))
[0.782s] Level 1:colcon.colcon_core.package_discovery:discover_packages(colcon_meta) check parameters
[0.782s] Level 1:colcon.colcon_core.package_discovery:discover_packages(recursive) check parameters
[0.782s] Level 1:colcon.colcon_core.package_discovery:discover_packages(ignore) check parameters
[0.782s] Level 1:colcon.colcon_core.package_discovery:discover_packages(path) check parameters
[0.782s] Level 1:colcon.colcon_core.package_discovery:discover_packages(colcon_meta) discover
[0.783s] Level 1:colcon.colcon_core.package_discovery:discover_packages(recursive) discover
[0.783s] INFO:colcon.colcon_core.package_discovery:Crawling recursively for packages in '/home/olorunnisola/Desktop/Camera'
[0.783s] Level 1:colcon.colcon_core.package_identification:_identify(.) by extensions ['ignore', 'ignore_ament_install']
[0.783s] Level 1:colcon.colcon_core.package_identification:_identify(.) by extension 'ignore'
[0.783s] Level 1:colcon.colcon_core.package_identification:_identify(.) by extension 'ignore_ament_install'
[0.783s] Level 1:colcon.colcon_core.package_identification:_identify(.) by extensions ['colcon_pkg']
[0.783s] Level 1:colcon.colcon_core.package_identification:_identify(.) by extension 'colcon_pkg'
[0.784s] Level 1:colcon.colcon_core.package_identification:_identify(.) by extensions ['colcon_meta']
[0.784s] Level 1:colcon.colcon_core.package_identification:_identify(.) by extension 'colcon_meta'
[0.784s] Level 1:colcon.colcon_core.package_identification:_identify(.) by extensions ['ros']
[0.784s] Level 1:colcon.colcon_core.package_identification:_identify(.) by extension 'ros'
[0.807s] Level 1:colcon.colcon_core.package_identification:_identify(.) by extensions ['cmake', 'python']
[0.807s] Level 1:colcon.colcon_core.package_identification:_identify(.) by extension 'cmake'
[0.807s] Level 1:colcon.colcon_core.package_identification:_identify(.) by extension 'python'
[0.807s] Level 1:colcon.colcon_core.package_identification:_identify(.) by extensions ['python_setup_py']
[0.808s] Level 1:colcon.colcon_core.package_identification:_identify(.) by extension 'python_setup_py'
[0.808s] Level 1:colcon.colcon_core.package_identification:_identify(build) by extensions ['ignore', 'ignore_ament_install']
[0.808s] Level 1:colcon.colcon_core.package_identification:_identify(build) by extension 'ignore'
[0.808s] Level 1:colcon.colcon_core.package_identification:_identify(build) ignored
[0.808s] Level 1:colcon.colcon_core.package_identification:_identify(install) by extensions ['ignore', 'ignore_ament_install']
[0.809s] Level 1:colcon.colcon_core.package_identification:_identify(install) by extension 'ignore'
[0.809s] Level 1:colcon.colcon_core.package_identification:_identify(install) ignored
[0.809s] Level 1:colcon.colcon_core.package_identification:_identify(log) by extensions ['ignore', 'ignore_ament_install']
[0.809s] Level 1:colcon.colcon_core.package_identification:_identify(log) by extension 'ignore'
[0.809s] Level 1:colcon.colcon_core.package_identification:_identify(log) ignored
[0.809s] Level 1:colcon.colcon_core.package_identification:_identify(my_camera_package) by extensions ['ignore', 'ignore_ament_install']
[0.810s] Level 1:colcon.colcon_core.package_identification:_identify(my_camera_package) by extension 'ignore'
[0.810s] Level 1:colcon.colcon_core.package_identification:_identify(my_camera_package) by extension 'ignore_ament_install'
[0.810s] Level 1:colcon.colcon_core.package_identification:_identify(my_camera_package) by extensions ['colcon_pkg']
[0.810s] Level 1:colcon.colcon_core.package_identification:_identify(my_camera_package) by extension 'colcon_pkg'
[0.810s] Level 1:colcon.colcon_core.package_identification:_identify(my_camera_package) by extensions ['colcon_meta']
[0.810s] Level 1:colcon.colcon_core.package_identification:_identify(my_camera_package) by extension 'colcon_meta'
[0.810s] Level 1:colcon.colcon_core.package_identification:_identify(my_camera_package) by extensions ['ros']
[0.810s] Level 1:colcon.colcon_core.package_identification:_identify(my_camera_package) by extension 'ros'
[0.815s] DEBUG:colcon.colcon_core.package_identification:Package 'my_camera_package' with type 'ros.ament_python' and name 'my_camera_package'
[0.816s] Level 1:colcon.colcon_core.package_discovery:discover_packages(recursive) using defaults
[0.816s] Level 1:colcon.colcon_core.package_discovery:discover_packages(ignore) discover
[0.816s] Level 1:colcon.colcon_core.package_discovery:discover_packages(ignore) using defaults
[0.816s] Level 1:colcon.colcon_core.package_discovery:discover_packages(path) discover
[0.816s] Level 1:colcon.colcon_core.package_discovery:discover_packages(path) using defaults
[0.904s] Level 1:colcon.colcon_core.package_discovery:discover_packages(prefix_path) check parameters
[0.904s] Level 1:colcon.colcon_core.package_discovery:discover_packages(prefix_path) discover
[0.916s] DEBUG:colcon.colcon_installed_package_information.package_discovery:Found 1 installed packages in /home/olorunnisola/Desktop/Camera/install
[0.921s] DEBUG:colcon.colcon_installed_package_information.package_discovery:Found 69 installed packages in /home/olorunnisola/ws_moveit/install
[0.926s] DEBUG:colcon.colcon_installed_package_information.package_discovery:Found 357 installed packages in /opt/ros/humble
[0.930s] Level 1:colcon.colcon_core.package_discovery:discover_packages(prefix_path) using defaults
[1.052s] Level 5:colcon.colcon_core.verb:set package 'my_camera_package' build argument 'cmake_args' from command line to 'None'
[1.052s] Level 5:colcon.colcon_core.verb:set package 'my_camera_package' build argument 'cmake_target' from command line to 'None'
[1.052s] Level 5:colcon.colcon_core.verb:set package 'my_camera_package' build argument 'cmake_target_skip_unavailable' from command line to 'False'
[1.052s] Level 5:colcon.colcon_core.verb:set package 'my_camera_package' build argument 'cmake_clean_cache' from command line to 'False'
[1.052s] Level 5:colcon.colcon_core.verb:set package 'my_camera_package' build argument 'cmake_clean_first' from command line to 'False'
[1.052s] Level 5:colcon.colcon_core.verb:set package 'my_camera_package' build argument 'cmake_force_configure' from command line to 'False'
[1.052s] Level 5:colcon.colcon_core.verb:set package 'my_camera_package' build argument 'ament_cmake_args' from command line to 'None'
[1.053s] Level 5:colcon.colcon_core.verb:set package 'my_camera_package' build argument 'catkin_cmake_args' from command line to 'None'
[1.053s] Level 5:colcon.colcon_core.verb:set package 'my_camera_package' build argument 'catkin_skip_building_tests' from command line to 'False'
[1.053s] DEBUG:colcon.colcon_core.verb:Building package 'my_camera_package' with the following arguments: {'ament_cmake_args': None, 'build_base': '/home/olorunnisola/Desktop/Camera/build/my_camera_package', 'catkin_cmake_args': None, 'catkin_skip_building_tests': False, 'cmake_args': None, 'cmake_clean_cache': False, 'cmake_clean_first': False, 'cmake_force_configure': False, 'cmake_target': None, 'cmake_target_skip_unavailable': False, 'install_base': '/home/olorunnisola/Desktop/Camera/install/my_camera_package', 'merge_install': False, 'path': '/home/olorunnisola/Desktop/Camera/my_camera_package', 'symlink_install': False, 'test_result_base': None}
[1.053s] INFO:colcon.colcon_core.executor:Executing jobs using 'parallel' executor
[1.055s] DEBUG:colcon.colcon_parallel_executor.executor.parallel:run_until_complete
[1.055s] INFO:colcon.colcon_ros.task.ament_python.build:Building ROS package in '/home/olorunnisola/Desktop/Camera/my_camera_package' with build type 'ament_python'
[1.055s] Level 1:colcon.colcon_core.shell:create_environment_hook('my_camera_package', 'ament_prefix_path')
[1.062s] INFO:colcon.colcon_core.plugin_system:Skipping extension 'colcon_core.shell.bat': Not used on non-Windows systems
[1.062s] INFO:colcon.colcon_core.shell:Creating environment hook '/home/olorunnisola/Desktop/Camera/install/my_camera_package/share/my_camera_package/hook/ament_prefix_path.ps1'
[1.064s] INFO:colcon.colcon_core.shell:Creating environment descriptor '/home/olorunnisola/Desktop/Camera/install/my_camera_package/share/my_camera_package/hook/ament_prefix_path.dsv'
[1.065s] INFO:colcon.colcon_core.shell:Creating environment hook '/home/olorunnisola/Desktop/Camera/install/my_camera_package/share/my_camera_package/hook/ament_prefix_path.sh'
[1.067s] INFO:colcon.colcon_core.shell:Skip shell extension 'powershell' for command environment: Not usable outside of PowerShell
[1.068s] DEBUG:colcon.colcon_core.shell:Skip shell extension 'dsv' for command environment
[1.746s] INFO:colcon.colcon_core.task.python.build:Building Python package in '/home/olorunnisola/Desktop/Camera/my_camera_package'
[1.747s] INFO:colcon.colcon_core.shell:Skip shell extension 'powershell' for command environment: Not usable outside of PowerShell
[1.747s] DEBUG:colcon.colcon_core.shell:Skip shell extension 'dsv' for command environment
[2.660s] DEBUG:colcon.colcon_core.event_handler.log_command:Invoking command in '/home/olorunnisola/Desktop/Camera/my_camera_package': PYTHONPATH=/home/olorunnisola/Desktop/Camera/build/my_camera_package/prefix_override:/home/olorunnisola/Desktop/Camera/install/my_camera_package/lib/python3.10/site-packages:${PYTHONPATH} /usr/bin/python3 -W ignore:setup.py install is deprecated setup.py egg_info --egg-base ../build/my_camera_package build --build-base /home/olorunnisola/Desktop/Camera/build/my_camera_package/build install --record /home/olorunnisola/Desktop/Camera/build/my_camera_package/install.log --single-version-externally-managed install_data
[3.414s] DEBUG:colcon.colcon_core.event_handler.log_command:Invoked command in '/home/olorunnisola/Desktop/Camera/my_camera_package' returned '0': PYTHONPATH=/home/olorunnisola/Desktop/Camera/build/my_camera_package/prefix_override:/home/olorunnisola/Desktop/Camera/install/my_camera_package/lib/python3.10/site-packages:${PYTHONPATH} /usr/bin/python3 -W ignore:setup.py install is deprecated setup.py egg_info --egg-base ../build/my_camera_package build --build-base /home/olorunnisola/Desktop/Camera/build/my_camera_package/build install --record /home/olorunnisola/Desktop/Camera/build/my_camera_package/install.log --single-version-externally-managed install_data
[3.421s] Level 1:colcon.colcon_core.environment:checking '/home/olorunnisola/Desktop/Camera/install/my_camera_package' for CMake module files
[3.422s] Level 1:colcon.colcon_core.environment:checking '/home/olorunnisola/Desktop/Camera/install/my_camera_package' for CMake config files
[3.424s] Level 1:colcon.colcon_core.environment:checking '/home/olorunnisola/Desktop/Camera/install/my_camera_package/lib'
[3.425s] Level 1:colcon.colcon_core.environment:checking '/home/olorunnisola/Desktop/Camera/install/my_camera_package/bin'
[3.425s] Level 1:colcon.colcon_core.environment:checking '/home/olorunnisola/Desktop/Camera/install/my_camera_package/lib/pkgconfig/my_camera_package.pc'
[3.425s] Level 1:colcon.colcon_core.environment:checking '/home/olorunnisola/Desktop/Camera/install/my_camera_package/lib/python3.10/site-packages'
[3.426s] Level 1:colcon.colcon_core.shell:create_environment_hook('my_camera_package', 'pythonpath')
[3.426s] INFO:colcon.colcon_core.shell:Creating environment hook '/home/olorunnisola/Desktop/Camera/install/my_camera_package/share/my_camera_package/hook/pythonpath.ps1'
[3.427s] INFO:colcon.colcon_core.shell:Creating environment descriptor '/home/olorunnisola/Desktop/Camera/install/my_camera_package/share/my_camera_package/hook/pythonpath.dsv'
[3.428s] INFO:colcon.colcon_core.shell:Creating environment hook '/home/olorunnisola/Desktop/Camera/install/my_camera_package/share/my_camera_package/hook/pythonpath.sh'
[3.430s] Level 1:colcon.colcon_core.environment:checking '/home/olorunnisola/Desktop/Camera/install/my_camera_package/bin'
[3.430s] Level 1:colcon.colcon_core.environment:create_environment_scripts_only(my_camera_package)
[3.430s] INFO:colcon.colcon_core.shell:Creating package script '/home/olorunnisola/Desktop/Camera/install/my_camera_package/share/my_camera_package/package.ps1'
[3.432s] INFO:colcon.colcon_core.shell:Creating package descriptor '/home/olorunnisola/Desktop/Camera/install/my_camera_package/share/my_camera_package/package.dsv'
[3.433s] INFO:colcon.colcon_core.shell:Creating package script '/home/olorunnisola/Desktop/Camera/install/my_camera_package/share/my_camera_package/package.sh'
[3.435s] INFO:colcon.colcon_core.shell:Creating package script '/home/olorunnisola/Desktop/Camera/install/my_camera_package/share/my_camera_package/package.bash'
[3.437s] INFO:colcon.colcon_core.shell:Creating package script '/home/olorunnisola/Desktop/Camera/install/my_camera_package/share/my_camera_package/package.zsh'
[3.438s] Level 1:colcon.colcon_core.environment:create_file_with_runtime_dependencies(/home/olorunnisola/Desktop/Camera/install/my_camera_package/share/colcon-core/packages/my_camera_package)
[3.439s] DEBUG:colcon.colcon_parallel_executor.executor.parallel:closing loop
[3.439s] DEBUG:colcon.colcon_parallel_executor.executor.parallel:loop closed
[3.439s] DEBUG:colcon.colcon_parallel_executor.executor.parallel:run_until_complete finished with '0'
[3.439s] DEBUG:colcon.colcon_core.event_reactor:joining thread
[3.452s] INFO:colcon.colcon_core.plugin_system:Skipping extension 'colcon_notification.desktop_notification.terminal_notifier': Not used on non-Darwin systems
[3.452s] INFO:colcon.colcon_core.plugin_system:Skipping extension 'colcon_notification.desktop_notification.win32': Not used on non-Windows systems
[3.453s] INFO:colcon.colcon_notification.desktop_notification:Sending desktop notification using 'notify2'
[3.480s] DEBUG:colcon.colcon_core.event_reactor:joined thread
[3.481s] INFO:colcon.colcon_core.shell:Creating prefix script '/home/olorunnisola/Desktop/Camera/install/local_setup.ps1'
[3.483s] INFO:colcon.colcon_core.shell:Creating prefix util module '/home/olorunnisola/Desktop/Camera/install/_local_setup_util_ps1.py'
[3.487s] INFO:colcon.colcon_core.shell:Creating prefix chain script '/home/olorunnisola/Desktop/Camera/install/setup.ps1'
[3.506s] INFO:colcon.colcon_core.shell:Creating prefix script '/home/olorunnisola/Desktop/Camera/install/local_setup.sh'
[3.508s] INFO:colcon.colcon_core.shell:Creating prefix util module '/home/olorunnisola/Desktop/Camera/install/_local_setup_util_sh.py'
[3.509s] INFO:colcon.colcon_core.shell:Creating prefix chain script '/home/olorunnisola/Desktop/Camera/install/setup.sh'
[3.522s] INFO:colcon.colcon_core.shell:Creating prefix script '/home/olorunnisola/Desktop/Camera/install/local_setup.bash'
[3.523s] INFO:colcon.colcon_core.shell:Creating prefix chain script '/home/olorunnisola/Desktop/Camera/install/setup.bash'
[3.538s] INFO:colcon.colcon_core.shell:Creating prefix script '/home/olorunnisola/Desktop/Camera/install/local_setup.zsh'
[3.540s] INFO:colcon.colcon_core.shell:Creating prefix chain script '/home/olorunnisola/Desktop/Camera/install/setup.zsh'
